<?xml version="1.0" encoding="UTF-8"?>
<testng-results ignored="0" total="1" passed="1" failed="0" skipped="0">
  <reporter-output>
    <line>
      <![CDATA[Results are matching TC is passed]]>
    </line>
  </reporter-output>
  <suite started-at="2022-06-21T22:56:46 IST" name="Default suite" finished-at="2022-06-21T22:56:56 IST" duration-ms="9981">
    <groups>
    </groups>
    <test started-at="2022-06-21T22:56:46 IST" name="Default test" finished-at="2022-06-21T22:56:56 IST" duration-ms="9981">
      <class name="testClass_testNG.TestKiteLogin">
        <test-method is-config="true" signature="launchURL()[pri:0, instance:testClass_testNG.TestKiteLogin@2e3967ea]" started-at="2022-06-21T22:56:46 IST" name="launchURL" finished-at="2022-06-21T22:56:56 IST" duration-ms="9372" status="PASS">
          <reporter-output>
          </reporter-output>
        </test-method> <!-- launchURL -->
        <test-method signature="test1()[pri:0, instance:testClass_testNG.TestKiteLogin@2e3967ea]" started-at="2022-06-21T22:56:56 IST" name="test1" finished-at="2022-06-21T22:56:56 IST" duration-ms="553" status="PASS">
          <reporter-output>
            <line>
              <![CDATA[Results are matching TC is passed]]>
            </line>
          </reporter-output>
        </test-method> <!-- test1 -->
      </class> <!-- testClass_testNG.TestKiteLogin -->
    </test> <!-- Default test -->
  </suite> <!-- Default suite -->
</testng-results>
